17:26:42 **** Incremental Build of configuration Debug for project Practica_Clase6 ****
Info: Internal Builder is used for build
gcc -O0 -g3 -Wall -c -fmessage-length=0 -o "src\\utn.o" "..\\src\\utn.c" 
gcc -o Practica_Clase6.exe "src\\Practica_Clase6.o" "src\\utn.o" 
c:/mingw/bin/../lib/gcc/mingw32/9.2.0/../../../../mingw32/bin/ld.exe: cannot open output file Practica_Clase6.exe: Permission denied
collect2.exe: error: ld returned 1 exit status
17:26:52 **** Incremental Build of configuration Debug for project Practica_Clase6 ****
Info: Internal Builder is used for build
gcc -o Practica_Clase6.exe "src\\Practica_Clase6.o" "src\\utn.o" 
c:/mingw/bin/../lib/gcc/mingw32/9.2.0/../../../../mingw32/bin/ld.exe: cannot open output file Practica_Clase6.exe: Permission denied
collect2.exe: error: ld returned 1 exit status
17:26:53 **** Incremental Build of configuration Debug for project Practica_Clase6 ****
Info: Internal Builder is used for build
gcc -o Practica_Clase6.exe "src\\Practica_Clase6.o" "src\\utn.o" 
c:/mingw/bin/../lib/gcc/mingw32/9.2.0/../../../../mingw32/bin/ld.exe: cannot open output file Practica_Clase6.exe: Permission denied
collect2.exe: error: ld returned 1 exit status
17:26:55 **** Incremental Build of configuration Debug for project Practica_Clase6 ****
Info: Internal Builder is used for build
gcc -o Practica_Clase6.exe "src\\Practica_Clase6.o" "src\\utn.o" 
c:/mingw/bin/../lib/gcc/mingw32/9.2.0/../../../../mingw32/bin/ld.exe: cannot open output file Practica_Clase6.exe: Permission denied
collect2.exe: error: ld returned 1 exit status
17:26:56 **** Incremental Build of configuration Debug for project Practica_Clase6 ****
Info: Internal Builder is used for build
gcc -o Practica_Clase6.exe "src\\Practica_Clase6.o" "src\\utn.o" 
c:/mingw/bin/../lib/gcc/mingw32/9.2.0/../../../../mingw32/bin/ld.exe: cannot open output file Practica_Clase6.exe: Permission denied
collect2.exe: error: ld returned 1 exit status
17:27:15 **** Incremental Build of configuration Debug for project Practica_Clase6 ****
Info: Internal Builder is used for build
gcc -o Practica_Clase6.exe "src\\Practica_Clase6.o" "src\\utn.o" 
Info: Nothing to build for Practica_Clase6
